\BOOKMARK [0][-]{chapter.1}{\376\377\0001\000\040\000I\000n\000d\000e\000k\000s\000\040\000k\000l\000a\000s}{}% 1
\BOOKMARK [1][-]{section.1.1}{\376\377\0001\000.\0001\000\040\000L\000i\000s\000t\000a\000\040\000k\000l\000a\000s}{chapter.1}% 2
\BOOKMARK [0][-]{chapter.2}{\376\377\0002\000\040\000I\000n\000d\000e\000k\000s\000\040\000p\000l\000i\000k\000\363\000w}{}% 3
\BOOKMARK [1][-]{section.2.1}{\376\377\0002\000.\0001\000\040\000L\000i\000s\000t\000a\000\040\000p\000l\000i\000k\000\363\000w}{chapter.2}% 4
\BOOKMARK [0][-]{chapter.3}{\376\377\0003\000\040\000D\000o\000k\000u\000m\000e\000n\000t\000a\000c\000j\000a\000\040\000k\000l\000a\000s}{}% 5
\BOOKMARK [1][-]{section.3.1}{\376\377\0003\000.\0001\000\040\000D\000o\000k\000u\000m\000e\000n\000t\000a\000c\000j\000a\000\040\000k\000l\000a\000s\000y\000\040\000B\000S\000T}{chapter.3}% 6
\BOOKMARK [2][-]{subsection.3.1.1}{\376\377\0003\000.\0001\000.\0001\000\040\000O\000p\000i\000s\000\040\000s\000z\000c\000z\000e\000g\000\363\001\102\000o\000w\000y}{section.3.1}% 7
\BOOKMARK [2][-]{subsection.3.1.2}{\376\377\0003\000.\0001\000.\0002\000\040\000D\000o\000k\000u\000m\000e\000n\000t\000a\000c\000j\000a\000\040\000f\000u\000n\000k\000c\000j\000i\000\040\000s\000k\001\102\000a\000d\000o\000w\000y\000c\000h}{section.3.1}% 8
\BOOKMARK [3][-]{subsubsection.3.1.2.1}{\376\377\0003\000.\0001\000.\0002\000.\0001\000\040\000f\000i\000n\000d\000P\000a\000t\000h\000\050\000\051}{subsection.3.1.2}% 9
\BOOKMARK [3][-]{subsubsection.3.1.2.2}{\376\377\0003\000.\0001\000.\0002\000.\0002\000\040\000i\000n\000s\000e\000r\000t\000\050\000\051}{subsection.3.1.2}% 10
\BOOKMARK [3][-]{subsubsection.3.1.2.3}{\376\377\0003\000.\0001\000.\0002\000.\0003\000\040\000r\000e\000m\000o\000v\000e\000\050\000\051}{subsection.3.1.2}% 11
\BOOKMARK [2][-]{subsection.3.1.3}{\376\377\0003\000.\0001\000.\0003\000\040\000D\000o\000k\000u\000m\000e\000n\000t\000a\000c\000j\000a\000\040\000p\000r\000z\000y\000j\000a\000c\000i\000\363\001\102\000\040\000i\000\040\000p\000o\000w\000i\001\005\000z\000a\000n\000y\000c\000h\000\040\000s\000y\000m\000b\000o\000l\000i}{section.3.1}% 12
\BOOKMARK [3][-]{subsubsection.3.1.3.1}{\376\377\0003\000.\0001\000.\0003\000.\0001\000\040\000F\000i\000l\000e\000H\000a\000n\000d\000l\000e\000r}{subsection.3.1.3}% 13
\BOOKMARK [1][-]{section.3.2}{\376\377\0003\000.\0002\000\040\000D\000o\000k\000u\000m\000e\000n\000t\000a\000c\000j\000a\000\040\000k\000l\000a\000s\000y\000\040\000F\000i\000l\000e\000H\000a\000n\000d\000l\000e\000r}{chapter.3}% 14
\BOOKMARK [2][-]{subsection.3.2.1}{\376\377\0003\000.\0002\000.\0001\000\040\000O\000p\000i\000s\000\040\000s\000z\000c\000z\000e\000g\000\363\001\102\000o\000w\000y}{section.3.2}% 15
\BOOKMARK [2][-]{subsection.3.2.2}{\376\377\0003\000.\0002\000.\0002\000\040\000D\000o\000k\000u\000m\000e\000n\000t\000a\000c\000j\000a\000\040\000f\000u\000n\000k\000c\000j\000i\000\040\000s\000k\001\102\000a\000d\000o\000w\000y\000c\000h}{section.3.2}% 16
\BOOKMARK [3][-]{subsubsection.3.2.2.1}{\376\377\0003\000.\0002\000.\0002\000.\0001\000\040\000l\000o\000a\000d\000F\000r\000o\000m\000B\000i\000n\000a\000r\000y\000\050\000\051}{subsection.3.2.2}% 17
\BOOKMARK [3][-]{subsubsection.3.2.2.2}{\376\377\0003\000.\0002\000.\0002\000.\0002\000\040\000l\000o\000a\000d\000F\000r\000o\000m\000T\000e\000x\000t\000\050\000\051}{subsection.3.2.2}% 18
\BOOKMARK [3][-]{subsubsection.3.2.2.3}{\376\377\0003\000.\0002\000.\0002\000.\0003\000\040\000s\000a\000v\000e\000T\000o\000B\000i\000n\000a\000r\000y\000\050\000\051}{subsection.3.2.2}% 19
\BOOKMARK [3][-]{subsubsection.3.2.2.4}{\376\377\0003\000.\0002\000.\0002\000.\0004\000\040\000s\000a\000v\000e\000T\000o\000T\000e\000x\000t\000\050\000\051}{subsection.3.2.2}% 20
\BOOKMARK [0][-]{chapter.4}{\376\377\0004\000\040\000D\000o\000k\000u\000m\000e\000n\000t\000a\000c\000j\000a\000\040\000p\000l\000i\000k\000\363\000w}{}% 21
\BOOKMARK [1][-]{section.4.1}{\376\377\0004\000.\0001\000\040\000D\000o\000k\000u\000m\000e\000n\000t\000a\000c\000j\000a\000\040\000p\000l\000i\000k\000u\000\040\000C\000:\000/\000U\000s\000e\000r\000s\000/\000m\000i\000c\000h\000a\000/\000D\000e\000s\000k\000t\000o\000p\000/\000D\000r\000z\000e\000w\000o\000-\000B\000S\000T\000-\000m\000a\000s\000t\000e\000r\000/\000D\000r\000z\000e\000w\000o\000-\000B\000S\000T\000-\000m\000a\000s\000t\000e\000r\000/\000B\000S\000T\000.\000c\000p\000p}{chapter.4}% 22
\BOOKMARK [2][-]{subsection.4.1.1}{\376\377\0004\000.\0001\000.\0001\000\040\000O\000p\000i\000s\000\040\000s\000z\000c\000z\000e\000g\000\363\001\102\000o\000w\000y}{section.4.1}% 23
\BOOKMARK [1][-]{section.4.2}{\376\377\0004\000.\0002\000\040\000D\000o\000k\000u\000m\000e\000n\000t\000a\000c\000j\000a\000\040\000p\000l\000i\000k\000u\000\040\000C\000:\000/\000U\000s\000e\000r\000s\000/\000m\000i\000c\000h\000a\000/\000D\000e\000s\000k\000t\000o\000p\000/\000D\000r\000z\000e\000w\000o\000-\000B\000S\000T\000-\000m\000a\000s\000t\000e\000r\000/\000D\000r\000z\000e\000w\000o\000-\000B\000S\000T\000-\000m\000a\000s\000t\000e\000r\000/\000B\000S\000T\000.\000h}{chapter.4}% 24
\BOOKMARK [2][-]{subsection.4.2.1}{\376\377\0004\000.\0002\000.\0001\000\040\000O\000p\000i\000s\000\040\000s\000z\000c\000z\000e\000g\000\363\001\102\000o\000w\000y}{section.4.2}% 25
\BOOKMARK [1][-]{section.4.3}{\376\377\0004\000.\0003\000\040\000B\000S\000T\000.\000h}{chapter.4}% 26
\BOOKMARK [1][-]{section.4.4}{\376\377\0004\000.\0004\000\040\000D\000o\000k\000u\000m\000e\000n\000t\000a\000c\000j\000a\000\040\000p\000l\000i\000k\000u\000\040\000C\000:\000/\000U\000s\000e\000r\000s\000/\000m\000i\000c\000h\000a\000/\000D\000e\000s\000k\000t\000o\000p\000/\000D\000r\000z\000e\000w\000o\000-\000B\000S\000T\000-\000m\000a\000s\000t\000e\000r\000/\000D\000r\000z\000e\000w\000o\000-\000B\000S\000T\000-\000m\000a\000s\000t\000e\000r\000/\000F\000i\000l\000e\000H\000a\000n\000d\000l\000e\000r\000.\000c\000p\000p}{chapter.4}% 27
\BOOKMARK [2][-]{subsection.4.4.1}{\376\377\0004\000.\0004\000.\0001\000\040\000O\000p\000i\000s\000\040\000s\000z\000c\000z\000e\000g\000\363\001\102\000o\000w\000y}{section.4.4}% 28
\BOOKMARK [1][-]{section.4.5}{\376\377\0004\000.\0005\000\040\000D\000o\000k\000u\000m\000e\000n\000t\000a\000c\000j\000a\000\040\000p\000l\000i\000k\000u\000\040\000C\000:\000/\000U\000s\000e\000r\000s\000/\000m\000i\000c\000h\000a\000/\000D\000e\000s\000k\000t\000o\000p\000/\000D\000r\000z\000e\000w\000o\000-\000B\000S\000T\000-\000m\000a\000s\000t\000e\000r\000/\000D\000r\000z\000e\000w\000o\000-\000B\000S\000T\000-\000m\000a\000s\000t\000e\000r\000/\000F\000i\000l\000e\000H\000a\000n\000d\000l\000e\000r\000.\000h}{chapter.4}% 29
\BOOKMARK [2][-]{subsection.4.5.1}{\376\377\0004\000.\0005\000.\0001\000\040\000O\000p\000i\000s\000\040\000s\000z\000c\000z\000e\000g\000\363\001\102\000o\000w\000y}{section.4.5}% 30
\BOOKMARK [1][-]{section.4.6}{\376\377\0004\000.\0006\000\040\000F\000i\000l\000e\000H\000a\000n\000d\000l\000e\000r\000.\000h}{chapter.4}% 31
\BOOKMARK [1][-]{section.4.7}{\376\377\0004\000.\0007\000\040\000D\000o\000k\000u\000m\000e\000n\000t\000a\000c\000j\000a\000\040\000p\000l\000i\000k\000u\000\040\000C\000:\000/\000U\000s\000e\000r\000s\000/\000m\000i\000c\000h\000a\000/\000D\000e\000s\000k\000t\000o\000p\000/\000D\000r\000z\000e\000w\000o\000-\000B\000S\000T\000-\000m\000a\000s\000t\000e\000r\000/\000D\000r\000z\000e\000w\000o\000-\000B\000S\000T\000-\000m\000a\000s\000t\000e\000r\000/\000m\000a\000i\000n\000.\000c\000p\000p}{chapter.4}% 32
\BOOKMARK [2][-]{subsection.4.7.1}{\376\377\0004\000.\0007\000.\0001\000\040\000O\000p\000i\000s\000\040\000s\000z\000c\000z\000e\000g\000\363\001\102\000o\000w\000y}{section.4.7}% 33
\BOOKMARK [2][-]{subsection.4.7.2}{\376\377\0004\000.\0007\000.\0002\000\040\000D\000o\000k\000u\000m\000e\000n\000t\000a\000c\000j\000a\000\040\000f\000u\000n\000k\000c\000j\000i}{section.4.7}% 34
\BOOKMARK [3][-]{subsubsection.4.7.2.1}{\376\377\0004\000.\0007\000.\0002\000.\0001\000\040\000c\000l\000e\000a\000r\000I\000n\000p\000u\000t\000B\000u\000f\000f\000e\000r\000\050\000\051}{subsection.4.7.2}% 35
\BOOKMARK [3][-]{subsubsection.4.7.2.2}{\376\377\0004\000.\0007\000.\0002\000.\0002\000\040\000m\000a\000i\000n\000\050\000\051}{subsection.4.7.2}% 36
\BOOKMARK [0][-]{section*.7}{\376\377\000S\000k\000o\000r\000o\000w\000i\000d\000z}{}% 37
